Start testing: May 13 17:09 CST
----------------------------------------------------------
1/1 Testing: tcp_kvoF_sw_test
1/1 Test: tcp_kvoF_sw_test
Command: "/Users/warren/home/mooncake/mooncake-transfer-engine/KVoF/build/ut/tcp_kvoF_sw_test"
Directory: /Users/warren/home/mooncake/mooncake-transfer-engine/KVoF/build/ut
"tcp_kvoF_sw_test" start time: May 13 17:09 CST
Output:
----------------------------------------------------------
Running main() from /private/tmp/googletest-20250808-4990-9ldiyw/googletest-1.17.0/googletest/src/gtest_main.cc
[==========] Running 6 tests from 2 test suites.
[----------] Global test environment set-up.
[----------] 2 tests from MemoryPool
[ RUN      ] MemoryPool.AcquireRelease
[       OK ] MemoryPool.AcquireRelease (0 ms)
[ RUN      ] MemoryPool.SlotDataIsIsolated
[       OK ] MemoryPool.SlotDataIsIsolated (0 ms)
[----------] 2 tests from MemoryPool (0 ms total)

[----------] 4 tests from TcpKVoF
[ RUN      ] TcpKVoF.GetTransfer
<end of output>
Test time = 13146.40 sec
----------------------------------------------------------
Test Failed.
"tcp_kvoF_sw_test" end time: May 13 20:48 CST
"tcp_kvoF_sw_test" time elapsed: 03:39:06
----------------------------------------------------------

End testing: May 13 20:48 CST
